<?xml version="1.0" encoding="UTF-8"?>
<testng-results skipped="0" failed="0" total="2" passed="2">
  <reporter-output>
  </reporter-output>
  <suite name="Default suite" duration-ms="88418" started-at="2021-07-10T06:09:07Z" finished-at="2021-07-10T06:10:35Z">
    <groups>
    </groups>
    <test name="Default test" duration-ms="88418" started-at="2021-07-10T06:09:07Z" finished-at="2021-07-10T06:10:35Z">
      <class name="tdd.PrimeNumTest">
        <test-method status="PASS" signature="NegativeTest()[pri:0, instance:tdd.PrimeNumTest@3234e239]" name="NegativeTest" duration-ms="15" started-at="2021-07-10T06:09:07Z" finished-at="2021-07-10T06:09:07Z">
        </test-method> <!-- NegativeTest -->
        <test-method status="PASS" signature="PositiveTest()[pri:0, instance:tdd.PrimeNumTest@3234e239]" name="PositiveTest" duration-ms="88380" started-at="2021-07-10T06:09:07Z" finished-at="2021-07-10T06:10:35Z">
        </test-method> <!-- PositiveTest -->
      </class> <!-- tdd.PrimeNumTest -->
    </test> <!-- Default test -->
  </suite> <!-- Default suite -->
</testng-results>
